<?xml version="1.0" encoding="UTF-8"?>
<testsuite xmlns:xsi="http://www.w3.org/2001/XMLSchema-instance" xsi:noNamespaceSchemaLocation="https://maven.apache.org/surefire/maven-surefire-plugin/xsd/surefire-test-report-3.0.xsd" version="3.0" name="tests.AuthorizationTest" time="17.049" tests="4" errors="0" skipped="0" failures="0">
  <properties>
[...]
</properties>
  <testcase name="loginWithPersonalPageButtonOnMainPageSuccess" classname="tests.AuthorizationTest" time="3.804"/>
  <testcase name="loginWithLoginButtonOnMainPageSuccess" classname="tests.AuthorizationTest" time="3.941"/>
  <testcase name="loginWithButtonOnRestorePageSuccess" classname="tests.AuthorizationTest" time="4.623"/>
  <testcase name="loginWithButtonOnRegistrationPageSuccess" classname="tests.AuthorizationTest" time="4.638"/>
</testsuite>